0 info it worked if it ends with ok
1 verbose cli [ '/Users/Parry/.nvm/versions/node/v5.4.1/bin/node',
1 verbose cli   '/Users/Parry/.nvm/versions/node/v5.4.1/bin/npm',
1 verbose cli   'run',
1 verbose cli   'start' ]
2 info using npm@3.3.12
3 info using node@v5.4.1
4 verbose run-script [ 'prestart', 'start', 'poststart' ]
5 info lifecycle 003@1.0.0~prestart: 003@1.0.0
6 silly lifecycle 003@1.0.0~prestart: no script for prestart, continuing
7 info lifecycle 003@1.0.0~start: 003@1.0.0
8 verbose lifecycle 003@1.0.0~start: unsafe-perm in lifecycle true
9 verbose lifecycle 003@1.0.0~start: PATH: /Users/Parry/.nvm/versions/node/v5.4.1/lib/node_modules/npm/bin/node-gyp-bin:/Users/Parry/Desktop/webpack2-tourist/source_code/008/node_modules/.bin:/Users/Parry/.nvm/versions/node/v5.4.1/bin:/usr/local/bin:/usr/bin:/bin:/usr/sbin:/sbin:/opt/X11/bin:/Library/Java/JavaVirtualMachines/jdk1.7.0_79.jdk/Contents/Home/bin
10 verbose lifecycle 003@1.0.0~start: CWD: /Users/Parry/Desktop/webpack2-tourist/source_code/008
11 silly lifecycle 003@1.0.0~start: Args: [ '-c', 'webpack-dev-server --env development' ]
12 silly lifecycle 003@1.0.0~start: Returned: code: 1  signal: null
13 info lifecycle 003@1.0.0~start: Failed to exec start script
14 verbose stack Error: 003@1.0.0 start: `webpack-dev-server --env development`
14 verbose stack Exit status 1
14 verbose stack     at EventEmitter.<anonymous> (/Users/Parry/.nvm/versions/node/v5.4.1/lib/node_modules/npm/lib/utils/lifecycle.js:232:16)
14 verbose stack     at emitTwo (events.js:87:13)
14 verbose stack     at EventEmitter.emit (events.js:172:7)
14 verbose stack     at ChildProcess.<anonymous> (/Users/Parry/.nvm/versions/node/v5.4.1/lib/node_modules/npm/lib/utils/spawn.js:24:14)
14 verbose stack     at emitTwo (events.js:87:13)
14 verbose stack     at ChildProcess.emit (events.js:172:7)
14 verbose stack     at maybeClose (internal/child_process.js:821:16)
14 verbose stack     at Process.ChildProcess._handle.onexit (internal/child_process.js:211:5)
15 verbose pkgid 003@1.0.0
16 verbose cwd /Users/Parry/Desktop/webpack2-tourist/source_code/008
17 error Darwin 16.5.0
18 error argv "/Users/Parry/.nvm/versions/node/v5.4.1/bin/node" "/Users/Parry/.nvm/versions/node/v5.4.1/bin/npm" "run" "start"
19 error node v5.4.1
20 error npm  v3.3.12
21 error code ELIFECYCLE
22 error 003@1.0.0 start: `webpack-dev-server --env development`
22 error Exit status 1
23 error Failed at the 003@1.0.0 start script 'webpack-dev-server --env development'.
23 error Make sure you have the latest version of node.js and npm installed.
23 error If you do, this is most likely a problem with the 003 package,
23 error not with npm itself.
23 error Tell the author that this fails on your system:
23 error     webpack-dev-server --env development
23 error You can get their info via:
23 error     npm owner ls 003
23 error There is likely additional logging output above.
24 verbose exit [ 1, true ]
